Genero playlist per 2098 puntate...
  2012-02-29: nessuna playlist trovata
  2012-05-01: nessuna playlist trovata
  2012-05-02: nessuna playlist trovata
  2012-05-03: nessuna playlist trovata
  2012-05-04: nessuna playlist trovata
  2012-05-07: nessuna playlist trovata
  2013-09-30: nessuna playlist trovata
  2013-10-01: nessuna playlist trovata
  2013-10-02: nessuna playlist trovata
  2013-10-03: nessuna playlist trovata
  2013-10-04: nessuna playlist trovata
  2013-10-07: nessuna playlist trovata
  2013-10-08: nessuna playlist trovata
  2013-10-09: nessuna playlist trovata
  2013-10-10: nessuna playlist trovata
  2013-10-11: nessuna playlist trovata
  2013-10-14: nessuna playlist trovata
  2013-10-15: nessuna playlist trovata
  2013-10-16: nessuna playlist trovata
  2013-10-17: nessuna playlist trovata
  2013-10-18: nessuna playlist trovata
  2013-10-21: nessuna playlist trovata
  2013-10-22: nessuna playlist trovata
  2013-10-23: nessuna playlist trovata
  2013-10-24: nessuna playlist trovata
  2013-10-25: nessuna playlist trovata
  2013-10-28: nessuna playlist trovata
  2013-10-29: nessuna playlist trovata
  2013-10-30: nessuna playlist trovata
  2013-10-31: nessuna playlist trovata
  2013-11-01: nessuna playlist trovata
  2013-11-04: nessuna playlist trovata
  2013-11-05: nessuna playlist trovata
  2013-11-06: nessuna playlist trovata
  2013-11-07: nessuna playlist trovata
  2013-11-08: nessuna playlist trovata
  2013-11-11: nessuna playlist trovata
  2013-11-12: nessuna playlist trovata
  2013-11-14: nessuna playlist trovata
  2013-11-15: nessuna playlist trovata
  2013-11-18: nessuna playlist trovata
  2013-11-19: nessuna playlist trovata
  2013-11-25: nessuna playlist trovata
  2013-11-26: nessuna playlist trovata
  2013-11-27: nessuna playlist trovata
  2013-11-28: nessuna playlist trovata
  2013-11-29: nessuna playlist trovata
  2013-12-02: nessuna playlist trovata
  2013-12-03: nessuna playlist trovata
  2013-12-04: nessuna playlist trovata
  2013-12-05: nessuna playlist trovata
  2013-12-06: nessuna playlist trovata
  2013-12-09: nessuna playlist trovata
  2013-12-10: nessuna playlist trovata
  2013-12-11: nessuna playlist trovata
  2013-12-12: nessuna playlist trovata
  2013-12-13: nessuna playlist trovata
  2013-12-16: nessuna playlist trovata
  2013-12-17: nessuna playlist trovata
  2013-12-18: nessuna playlist trovata
  2013-12-19: nessuna playlist trovata
  2013-12-20: nessuna playlist trovata
  2014-01-13: nessuna playlist trovata
  2014-01-14: nessuna playlist trovata
  2014-01-15: nessuna playlist trovata
  2014-01-16: nessuna playlist trovata
  2014-01-17: nessuna playlist trovata
  2014-01-20: nessuna playlist trovata
  2014-01-21: nessuna playlist trovata
  2014-01-22: nessuna playlist trovata
  2014-01-23: nessuna playlist trovata
  2014-01-24: nessuna playlist trovata
  2014-01-27: nessuna playlist trovata
  2014-01-28: nessuna playlist trovata
  2014-01-29: nessuna playlist trovata
  2014-01-30: nessuna playlist trovata
  2014-01-31: nessuna playlist trovata
  2014-02-03: nessuna playlist trovata
  2014-02-04: nessuna playlist trovata
  2014-02-05: nessuna playlist trovata
  2014-02-06: nessuna playlist trovata
  2014-02-07: nessuna playlist trovata
  2014-02-10: nessuna playlist trovata
  2014-02-12: nessuna playlist trovata
  2014-02-13: nessuna playlist trovata
  2014-02-14: nessuna playlist trovata
  2014-02-17: nessuna playlist trovata
  2014-02-18: nessuna playlist trovata
  2014-02-19: nessuna playlist trovata
  2014-02-20: nessuna playlist trovata
  2014-02-21: nessuna playlist trovata
  2014-02-24: nessuna playlist trovata
  2014-02-25: nessuna playlist trovata
  2014-02-26: nessuna playlist trovata
  2014-02-27: nessuna playlist trovata
  2014-02-28: nessuna playlist trovata
  2014-03-03: nessuna playlist trovata
  2014-03-04: nessuna playlist trovata
  2014-03-05: nessuna playlist trovata
  2014-03-06: nessuna playlist trovata
  2014-03-07: nessuna playlist trovata
  2014-03-10: nessuna playlist trovata
  2014-03-11: nessuna playlist trovata
  2014-03-12: nessuna playlist trovata
  2014-03-13: nessuna playlist trovata
  2014-03-14: nessuna playlist trovata
  2014-03-17: nessuna playlist trovata
  2014-03-18: nessuna playlist trovata
  2014-03-19: nessuna playlist trovata
  2014-03-20: nessuna playlist trovata
  2014-03-21: nessuna playlist trovata
  2014-03-24: nessuna playlist trovata
  2014-03-25: nessuna playlist trovata
  2014-03-26: nessuna playlist trovata
  2014-03-27: nessuna playlist trovata
  2014-03-28: nessuna playlist trovata
  2014-03-31: nessuna playlist trovata
  2014-04-01: nessuna playlist trovata
  2014-04-02: nessuna playlist trovata
  2014-04-03: nessuna playlist trovata
  2014-04-04: nessuna playlist trovata
  2014-04-09: nessuna playlist trovata
  2014-04-10: nessuna playlist trovata
  2014-04-11: nessuna playlist trovata
  2014-04-14: nessuna playlist trovata
  2014-04-15: nessuna playlist trovata
  2014-04-16: nessuna playlist trovata
  2014-04-17: nessuna playlist trovata
  2014-04-18: nessuna playlist trovata
  2014-04-22: nessuna playlist trovata
  2014-04-23: nessuna playlist trovata
  2014-04-24: nessuna playlist trovata
  2014-04-25: nessuna playlist trovata
  2014-04-28: nessuna playlist trovata
  2014-04-29: nessuna playlist trovata
  2014-04-30: nessuna playlist trovata
  2014-05-01: nessuna playlist trovata
  2014-05-02: nessuna playlist trovata
  2014-05-05: nessuna playlist trovata
  2014-05-06: nessuna playlist trovata
  2014-05-07: nessuna playlist trovata
  2014-05-08: nessuna playlist trovata
  2014-05-09: nessuna playlist trovata
  2014-05-12: nessuna playlist trovata
  2014-05-13: nessuna playlist trovata
  2014-05-14: nessuna playlist trovata
  2014-05-15: nessuna playlist trovata
  2014-05-16: nessuna playlist trovata
  2014-05-19: nessuna playlist trovata
  2014-05-20: nessuna playlist trovata
  2014-05-21: nessuna playlist trovata
  2014-05-22: nessuna playlist trovata
  2014-05-23: nessuna playlist trovata
  2014-05-26: nessuna playlist trovata
  2014-05-27: nessuna playlist trovata
  2014-05-28: nessuna playlist trovata
  2014-05-29: nessuna playlist trovata
  2014-05-30: nessuna playlist trovata
  2014-07-14: nessuna playlist trovata
  2014-07-15: nessuna playlist trovata
  2014-07-16: nessuna playlist trovata
  2014-07-17: nessuna playlist trovata
  2014-07-18: nessuna playlist trovata
  2014-09-29: nessuna playlist trovata
  2014-09-30: nessuna playlist trovata
  2014-10-01: nessuna playlist trovata
  2014-10-02: nessuna playlist trovata
  2014-10-03: nessuna playlist trovata
  2014-10-06: nessuna playlist trovata
  2014-10-07: nessuna playlist trovata
  2014-10-08: nessuna playlist trovata
  2014-10-09: nessuna playlist trovata
  2014-10-10: nessuna playlist trovata
  2014-10-13: nessuna playlist trovata
  2014-10-14: nessuna playlist trovata
  2014-10-15: nessuna playlist trovata
  2014-10-16: nessuna playlist trovata
  2014-10-17: nessuna playlist trovata
  2014-10-20: nessuna playlist trovata
  2014-10-21: nessuna playlist trovata
  2014-10-22: nessuna playlist trovata
  2014-10-23: nessuna playlist trovata
  2014-10-24: nessuna playlist trovata
  2014-10-27: nessuna playlist trovata
  2014-10-28: nessuna playlist trovata
  2014-10-29: nessuna playlist trovata
  2014-10-30: nessuna playlist trovata
  2014-10-31: nessuna playlist trovata
  2014-11-03: nessuna playlist trovata
  2014-11-04: nessuna playlist trovata
  2014-11-05: nessuna playlist trovata
  2014-11-06: nessuna playlist trovata
  2014-11-07: nessuna playlist trovata
  2014-11-10: nessuna playlist trovata
  2014-11-11: nessuna playlist trovata
  2014-11-12: nessuna playlist trovata
  2014-11-13: nessuna playlist trovata
  2014-11-14: nessuna playlist trovata
  2014-11-17: nessuna playlist trovata
  2014-11-18: gia' presente, salto
  2014-11-19: gia' presente, salto
  2014-11-20: nessuna playlist trovata
  2014-11-21: gia' presente, salto
  2014-11-24: gia' presente, salto
  2014-11-25: gia' presente, salto
  2014-11-26: nessuna playlist trovata
  2014-11-27: nessuna playlist trovata
  2014-11-28: nessuna playlist trovata
  2014-12-01: gia' presente, salto
  2014-12-02: gia' presente, salto
  2014-12-03: nessuna playlist trovata
  2014-12-04: nessuna playlist trovata
  2014-12-05: nessuna playlist trovata
  2014-12-08: nessuna playlist trovata
  2014-12-09: nessuna playlist trovata
  2014-12-10: nessuna playlist trovata
  2014-12-11: nessuna playlist trovata
  2014-12-15: gia' presente, salto
  2014-12-16: nessuna playlist trovata
  2014-12-17: gia' presente, salto
  2014-12-18: gia' presente, salto
  2014-12-22: gia' presente, salto
  2014-12-23: nessuna playlist trovata
  2014-12-24: nessuna playlist trovata
  2015-01-07: nessuna playlist trovata
  2015-01-08: gia' presente, salto
  2015-01-09: gia' presente, salto
  2015-01-12: gia' presente, salto
  2015-01-13: gia' presente, salto
  2015-01-14: nessuna playlist trovata
  2015-01-15: gia' presente, salto
  2015-01-16: gia' presente, salto
  2015-01-19: gia' presente, salto
  2015-01-20: gia' presente, salto
  2015-01-21: nessuna playlist trovata
  2015-01-22: gia' presente, salto
  2015-01-23: gia' presente, salto
  2015-01-26: gia' presente, salto
  2015-01-27: gia' presente, salto
  2015-01-28: nessuna playlist trovata
  2015-01-29: gia' presente, salto
  2015-01-30: nessuna playlist trovata
  2015-02-02: gia' presente, salto
  2015-02-03: gia' presente, salto
  2015-02-04: gia' presente, salto
  2015-02-05: gia' presente, salto
  2015-02-06: nessuna playlist trovata
  2015-02-09: nessuna playlist trovata
  2015-02-10: gia' presente, salto
  2015-02-11: gia' presente, salto
  2015-02-12: gia' presente, salto
  2015-02-13: gia' presente, salto
  2015-02-16: gia' presente, salto
  2015-02-17: gia' presente, salto
  2015-02-18: gia' presente, salto
  2015-02-19: gia' presente, salto
  2015-02-20: gia' presente, salto
  2015-02-23: gia' presente, salto
  2015-02-24: gia' presente, salto
  2015-02-25: gia' presente, salto
  2015-02-26: gia' presente, salto
  2015-02-27: gia' presente, salto
  2015-03-02: gia' presente, salto
  2015-03-03: gia' presente, salto
  2015-03-04: gia' presente, salto
  2015-03-05: gia' presente, salto
  2015-03-06: gia' presente, salto
  2015-03-09: gia' presente, salto
  2015-03-10: gia' presente, salto
  2015-03-11: gia' presente, salto
  2015-03-12: gia' presente, salto
  2015-03-13: gia' presente, salto
  2015-03-16: gia' presente, salto
  2015-03-17: gia' presente, salto
  2015-03-18: gia' presente, salto
  2015-03-19: gia' presente, salto
  2015-03-20: gia' presente, salto
  2015-03-23: gia' presente, salto
  2015-03-24: gia' presente, salto
  2015-03-25: gia' presente, salto
  2015-03-26: gia' presente, salto
  2015-03-27: gia' presente, salto
  2015-03-30: gia' presente, salto
  2015-03-31: gia' presente, salto
  2015-04-01: gia' presente, salto
  2015-04-02: gia' presente, salto
  2015-04-03: gia' presente, salto
  2015-04-06: nessuna playlist trovata
  2015-04-07: gia' presente, salto
  2015-04-08: gia' presente, salto
  2015-04-09: gia' presente, salto
  2015-04-10: gia' presente, salto
  2015-04-13: nessuna playlist trovata
  2015-04-14: gia' presente, salto
  2015-04-15: gia' presente, salto
  2015-04-16: gia' presente, salto
  2015-04-17: gia' presente, salto
  2015-04-20: nessuna playlist trovata
  2015-04-21: gia' presente, salto
  2015-04-22: gia' presente, salto
  2015-04-23: gia' presente, salto
  2015-04-24: gia' presente, salto
  2015-04-27: gia' presente, salto
  2015-04-28: gia' presente, salto
  2015-04-29: gia' presente, salto
  2015-04-30: gia' presente, salto
  2015-05-04: gia' presente, salto
  2015-05-05: gia' presente, salto
  2015-05-06: gia' presente, salto
  2015-05-07: gia' presente, salto
  2015-05-08: gia' presente, salto
  2015-05-11: gia' presente, salto
  2015-05-12: gia' presente, salto
  2015-05-13: gia' presente, salto
  2015-05-14: gia' presente, salto
  2015-05-15: gia' presente, salto
  2015-05-18: gia' presente, salto
  2015-05-19: nessuna playlist trovata
  2015-05-21: nessuna playlist trovata
  2015-05-22: nessuna playlist trovata
  2015-05-25: nessuna playlist trovata
  2015-05-26: nessuna playlist trovata
  2015-05-27: nessuna playlist trovata
  2015-05-28: nessuna playlist trovata
  2015-05-29: nessuna playlist trovata
  2015-06-01: nessuna playlist trovata
  2015-06-02: nessuna playlist trovata
  2015-06-03: nessuna playlist trovata
  2015-06-04: nessuna playlist trovata
  2015-06-05: nessuna playlist trovata
  2015-09-28: gia' presente, salto
  2015-09-29: gia' presente, salto
  2015-09-30: gia' presente, salto
  2015-10-01: gia' presente, salto
  2015-10-02: gia' presente, salto
  2015-10-05: gia' presente, salto
  2015-10-06: gia' presente, salto
  2015-10-07: gia' presente, salto
  2015-10-08: gia' presente, salto
  2015-10-09: gia' presente, salto
  2015-10-12: gia' presente, salto
  2015-10-13: gia' presente, salto
  2015-10-14: gia' presente, salto
  2015-10-15: gia' presente, salto
  2015-10-16: gia' presente, salto
  2015-10-19: gia' presente, salto
  2015-10-20: gia' presente, salto
  2015-10-21: gia' presente, salto
  2015-10-22: gia' presente, salto
  2015-10-23: nessuna playlist trovata
  2015-10-26: gia' presente, salto
  2015-10-27: gia' presente, salto
  2015-10-28: gia' presente, salto
  2015-10-29: gia' presente, salto
  2015-10-30: nessuna playlist trovata
  2015-11-02: gia' presente, salto
  2015-11-03: gia' presente, salto
  2015-11-04: gia' presente, salto
  2015-11-05: gia' presente, salto
  2015-11-06: gia' presente, salto
  2015-11-09: gia' presente, salto
  2015-11-10: gia' presente, salto
  2015-11-11: gia' presente, salto
  2015-11-12: gia' presente, salto
  2015-11-13: gia' presente, salto
  2015-11-16: gia' presente, salto
  2015-11-17: gia' presente, salto
  2015-11-18: gia' presente, salto
  2015-11-19: gia' presente, salto
  2015-11-20: gia' presente, salto
  2015-11-23: gia' presente, salto
  2015-11-24: gia' presente, salto
  2015-11-25: gia' presente, salto
  2015-11-26: gia' presente, salto
  2015-11-27: gia' presente, salto
  2015-11-30: gia' presente, salto
  2015-12-01: gia' presente, salto
  2015-12-02: gia' presente, salto
  2015-12-03: gia' presente, salto
  2015-12-04: gia' presente, salto
  2015-12-09: gia' presente, salto
  2015-12-10: gia' presente, salto
  2015-12-11: nessuna playlist trovata
  2015-12-14: gia' presente, salto
  2015-12-15: gia' presente, salto
  2015-12-16: gia' presente, salto
  2015-12-17: gia' presente, salto
  2015-12-22: nessuna playlist trovata
  2015-12-23: nessuna playlist trovata
  2015-12-24: nessuna playlist trovata
  2016-01-07: nessuna playlist trovata
  2016-01-08: nessuna playlist trovata
  2016-01-11: gia' presente, salto
  2016-01-12: gia' presente, salto
  2016-01-13: gia' presente, salto
  2016-01-14: gia' presente, salto
  2016-01-15: nessuna playlist trovata
  2016-01-18: gia' presente, salto
  2016-01-19: gia' presente, salto
  2016-01-21: gia' presente, salto
  2016-01-26: gia' presente, salto
  2016-01-27: gia' presente, salto
  2016-01-29: nessuna playlist trovata
  2016-02-01: gia' presente, salto
  2016-02-02: gia' presente, salto
  2016-02-03: gia' presente, salto
  2016-02-05: nessuna playlist trovata
  2016-02-08: gia' presente, salto
  2016-02-10: gia' presente, salto
  2016-02-11: gia' presente, salto
  2016-02-12: nessuna playlist trovata
  2016-02-17: gia' presente, salto
  2016-02-18: gia' presente, salto
  2016-02-22: gia' presente, salto
  2016-02-23: gia' presente, salto
  2016-02-25: gia' presente, salto
  2016-02-26: nessuna playlist trovata
  2016-02-29: gia' presente, salto
  2016-03-01: gia' presente, salto
  2016-03-02: gia' presente, salto
  2016-03-03: gia' presente, salto
  2016-03-04: gia' presente, salto
  2016-03-08: gia' presente, salto
  2016-03-09: gia' presente, salto
  2016-03-10: gia' presente, salto
  2016-03-11: gia' presente, salto
  2016-03-14: gia' presente, salto
  2016-03-16: gia' presente, salto
  2016-03-17: gia' presente, salto
  2016-03-21: gia' presente, salto
  2016-03-22: gia' presente, salto
  2016-03-24: gia' presente, salto
  2016-03-25: gia' presente, salto
  2016-03-30: gia' presente, salto
  2016-03-31: gia' presente, salto
  2016-04-01: gia' presente, salto
  2016-04-05: gia' presente, salto
  2016-04-06: gia' presente, salto
  2016-04-07: gia' presente, salto
  2016-04-08: gia' presente, salto
  2016-04-11: gia' presente, salto
  2016-04-12: gia' presente, salto
  2016-04-13: gia' presente, salto
  2016-04-15: gia' presente, salto
  2016-04-18: nessuna playlist trovata
  2016-04-19: gia' presente, salto
  2016-04-20: gia' presente, salto
  2016-04-21: gia' presente, salto
  2016-04-22: gia' presente, salto
  2016-04-26: gia' presente, salto
  2016-04-27: gia' presente, salto
  2016-04-28: gia' presente, salto
  2016-04-29: gia' presente, salto
  2016-05-02: nessuna playlist trovata
  2016-05-03: gia' presente, salto
  2016-05-04: gia' presente, salto
  2016-05-05: gia' presente, salto
  2016-05-06: gia' presente, salto
  2016-05-09: gia' presente, salto
  2016-05-10: gia' presente, salto
  2016-05-11: gia' presente, salto
  2016-05-12: gia' presente, salto
  2016-05-13: gia' presente, salto
  2016-05-16: gia' presente, salto
  2016-05-17: gia' presente, salto
  2016-05-18: gia' presente, salto
  2016-05-19: gia' presente, salto
  2016-05-20: gia' presente, salto
  2016-05-23: gia' presente, salto
  2016-05-24: gia' presente, salto
  2016-05-25: gia' presente, salto
  2016-05-26: gia' presente, salto
  2016-05-27: gia' presente, salto
  2016-05-30: gia' presente, salto
  2016-05-31: gia' presente, salto
  2016-06-01: gia' presente, salto
  2016-06-02: gia' presente, salto
  2016-06-03: gia' presente, salto
  2016-09-26: gia' presente, salto
  2016-09-27: gia' presente, salto
  2016-09-28: gia' presente, salto
  2016-09-29: nessuna playlist trovata
  2016-09-30: gia' presente, salto
  2016-10-03: gia' presente, salto
  2016-10-04: gia' presente, salto
  2016-10-05: gia' presente, salto
  2016-10-06: gia' presente, salto
  2016-10-07: gia' presente, salto
  2016-10-10: gia' presente, salto
  2016-10-11: gia' presente, salto
  2016-10-12: gia' presente, salto
  2016-10-13: gia' presente, salto
  2016-10-14: gia' presente, salto
  2016-10-17: gia' presente, salto
  2016-10-20: gia' presente, salto
  2016-10-21: gia' presente, salto
  2016-10-24: gia' presente, salto
  2016-10-25: gia' presente, salto
  2016-10-26: gia' presente, salto
  2016-10-27: gia' presente, salto
  2016-10-28: gia' presente, salto
  2016-10-31: gia' presente, salto
  2016-11-01: gia' presente, salto
  2016-11-02: gia' presente, salto
  2016-11-03: gia' presente, salto
  2016-11-04: gia' presente, salto
  2016-11-07: gia' presente, salto
  2016-11-08: gia' presente, salto
  2016-11-09: gia' presente, salto
  2016-11-11: gia' presente, salto
  2016-11-14: gia' presente, salto
  2016-11-15: gia' presente, salto
  2016-11-16: gia' presente, salto
  2016-11-17: gia' presente, salto
  2016-11-21: gia' presente, salto
  2016-11-22: gia' presente, salto
  2016-11-23: gia' presente, salto
  2016-11-25: gia' presente, salto
  2016-11-28: gia' presente, salto
  2016-11-29: gia' presente, salto
  2016-11-30: gia' presente, salto
  2016-12-01: gia' presente, salto
  2016-12-05: gia' presente, salto
  2016-12-06: gia' presente, salto
  2016-12-07: gia' presente, salto
  2016-12-08: gia' presente, salto
  2016-12-09: gia' presente, salto
  2016-12-12: gia' presente, salto
  2016-12-13: gia' presente, salto
  2016-12-14: gia' presente, salto
  2016-12-15: gia' presente, salto
  2016-12-16: gia' presente, salto
  2016-12-19: gia' presente, salto
  2016-12-20: gia' presente, salto
  2017-01-09: gia' presente, salto
  2017-01-10: gia' presente, salto
  2017-01-11: gia' presente, salto
  2017-01-12: gia' presente, salto
  2017-01-13: gia' presente, salto
  2017-01-16: gia' presente, salto
  2017-01-17: gia' presente, salto
  2017-01-18: gia' presente, salto
  2017-01-20: gia' presente, salto
  2017-01-23: gia' presente, salto
  2017-01-24: gia' presente, salto
  2017-01-25: gia' presente, salto
  2017-01-26: gia' presente, salto
  2017-01-27: gia' presente, salto
  2017-01-30: gia' presente, salto
  2017-01-31: gia' presente, salto
  2017-02-01: gia' presente, salto
  2017-02-02: gia' presente, salto
  2017-02-03: gia' presente, salto
  2017-02-06: gia' presente, salto
  2017-02-07: gia' presente, salto
  2017-02-08: gia' presente, salto
  2017-02-09: gia' presente, salto
  2017-02-10: gia' presente, salto
  2017-02-13: gia' presente, salto
  2017-02-14: gia' presente, salto
  2017-02-15: gia' presente, salto
  2017-02-16: gia' presente, salto
  2017-02-17: gia' presente, salto
  2017-02-20: gia' presente, salto
  2017-02-21: gia' presente, salto
  2017-02-22: gia' presente, salto
  2017-02-23: gia' presente, salto
  2017-02-24: gia' presente, salto
  2017-02-27: gia' presente, salto
  2017-02-28: gia' presente, salto
  2017-03-01: gia' presente, salto
  2017-03-02: gia' presente, salto
  2017-03-03: gia' presente, salto
  2017-03-06: gia' presente, salto
  2017-03-07: gia' presente, salto
  2017-03-08: gia' presente, salto
  2017-03-09: gia' presente, salto
  2017-03-10: gia' presente, salto
  2017-03-13: gia' presente, salto
  2017-03-14: gia' presente, salto
  2017-03-15: gia' presente, salto
  2017-03-16: gia' presente, salto
  2017-03-17: gia' presente, salto
  2017-03-20: gia' presente, salto
  2017-03-21: gia' presente, salto
  2017-03-22: gia' presente, salto
  2017-03-23: gia' presente, salto
  2017-03-24: gia' presente, salto
  2017-03-27: gia' presente, salto
  2017-03-28: gia' presente, salto
  2017-03-29: gia' presente, salto
  2017-03-31: gia' presente, salto
  2017-04-03: gia' presente, salto
  2017-04-04: gia' presente, salto
  2017-04-05: gia' presente, salto
  2017-04-07: gia' presente, salto
  2017-04-10: gia' presente, salto
  2017-04-11: gia' presente, salto
  2017-04-12: gia' presente, salto
  2017-04-13: gia' presente, salto
  2017-04-14: gia' presente, salto
  2017-04-26: gia' presente, salto
  2017-04-27: gia' presente, salto
  2017-04-28: gia' presente, salto
  2017-05-01: gia' presente, salto
  2017-05-02: gia' presente, salto
  2017-05-03: gia' presente, salto
  2017-05-04: gia' presente, salto
  2017-05-05: gia' presente, salto
  2017-05-08: gia' presente, salto
  2017-05-09: gia' presente, salto
  2017-05-10: gia' presente, salto
  2017-05-11: gia' presente, salto
  2017-05-12: gia' presente, salto
  2017-05-15: gia' presente, salto
  2017-05-16: gia' presente, salto
  2017-05-17: gia' presente, salto
  2017-05-18: gia' presente, salto
  2017-05-19: gia' presente, salto
  2017-05-22: gia' presente, salto
  2017-05-23: gia' presente, salto
  2017-05-24: gia' presente, salto
  2017-05-25: gia' presente, salto
  2017-05-26: gia' presente, salto
  2017-05-29: gia' presente, salto
  2017-05-30: gia' presente, salto
  2017-05-31: gia' presente, salto
  2017-06-01: gia' presente, salto
  2017-06-02: gia' presente, salto
  2017-10-02: gia' presente, salto
  2017-10-03: gia' presente, salto
  2017-10-04: gia' presente, salto
  2017-10-05: gia' presente, salto
  2017-10-06: gia' presente, salto
  2017-10-09: gia' presente, salto
  2017-10-10: gia' presente, salto
  2017-10-11: gia' presente, salto
  2017-10-12: gia' presente, salto
  2017-10-13: gia' presente, salto
  2017-10-16: gia' presente, salto
  2017-10-17: gia' presente, salto
  2017-10-18: gia' presente, salto
  2017-10-19: gia' presente, salto
  2017-10-20: gia' presente, salto
  2017-10-23: gia' presente, salto
  2017-10-24: gia' presente, salto
  2017-10-25: gia' presente, salto
  2017-10-26: gia' presente, salto
  2017-10-27: gia' presente, salto
  2017-10-30: gia' presente, salto
  2017-10-31: gia' presente, salto
  2017-11-01: gia' presente, salto
  2017-11-02: gia' presente, salto
  2017-11-03: gia' presente, salto
  2017-11-06: gia' presente, salto
  2017-11-07: gia' presente, salto
  2017-11-08: gia' presente, salto
  2017-11-09: gia' presente, salto
  2017-11-10: gia' presente, salto
  2017-11-13: gia' presente, salto
  2017-11-14: gia' presente, salto
  2017-11-15: gia' presente, salto
  2017-11-16: gia' presente, salto
  2017-11-17: gia' presente, salto
  2017-11-20: gia' presente, salto
  2017-11-21: gia' presente, salto
  2017-11-22: gia' presente, salto
  2017-11-23: gia' presente, salto
  2017-11-24: gia' presente, salto
  2017-11-27: gia' presente, salto
  2017-11-28: gia' presente, salto
  2017-11-29: gia' presente, salto
  2017-11-30: gia' presente, salto
  2017-12-01: gia' presente, salto
  2017-12-04: gia' presente, salto
  2017-12-05: gia' presente, salto
  2017-12-06: gia' presente, salto
  2017-12-07: gia' presente, salto
  2017-12-08: gia' presente, salto
  2017-12-11: gia' presente, salto
  2017-12-12: gia' presente, salto
  2017-12-13: gia' presente, salto
  2017-12-14: gia' presente, salto
  2017-12-15: gia' presente, salto
  2017-12-18: gia' presente, salto
  2017-12-19: gia' presente, salto
  2017-12-20: gia' presente, salto
  2017-12-21: gia' presente, salto
  2018-01-08: gia' presente, salto
  2018-01-09: gia' presente, salto
  2018-01-10: gia' presente, salto
  2018-01-11: gia' presente, salto
  2018-01-12: gia' presente, salto
  2018-01-15: gia' presente, salto
  2018-01-16: gia' presente, salto
  2018-01-17: gia' presente, salto
  2018-01-18: gia' presente, salto
  2018-01-19: gia' presente, salto
  2018-01-22: gia' presente, salto
  2018-01-23: gia' presente, salto
  2018-01-24: gia' presente, salto
  2018-01-25: gia' presente, salto
  2018-01-26: gia' presente, salto
  2018-01-29: gia' presente, salto
  2018-01-30: gia' presente, salto
  2018-01-31: gia' presente, salto
  2018-02-01: gia' presente, salto
  2018-02-02: gia' presente, salto
  2018-02-05: gia' presente, salto
  2018-02-06: gia' presente, salto
  2018-02-07: gia' presente, salto
  2018-02-08: gia' presente, salto
  2018-02-09: gia' presente, salto
  2018-02-12: gia' presente, salto
  2018-02-13: gia' presente, salto
  2018-02-14: gia' presente, salto
  2018-02-15: gia' presente, salto
  2018-02-16: gia' presente, salto
  2018-02-19: gia' presente, salto
  2018-02-20: gia' presente, salto
  2018-02-21: gia' presente, salto
  2018-02-22: gia' presente, salto
  2018-02-23: gia' presente, salto
  2018-02-26: gia' presente, salto
  2018-02-27: gia' presente, salto
  2018-02-28: gia' presente, salto
  2018-03-01: gia' presente, salto
  2018-03-02: gia' presente, salto
  2018-03-05: gia' presente, salto
  2018-03-06: gia' presente, salto
  2018-03-07: gia' presente, salto
  2018-03-08: gia' presente, salto
  2018-03-09: gia' presente, salto
  2018-03-12: gia' presente, salto
  2018-03-13: gia' presente, salto
  2018-03-14: gia' presente, salto
  2018-03-15: gia' presente, salto
  2018-03-16: gia' presente, salto
  2018-03-19: gia' presente, salto
  2018-03-20: gia' presente, salto
  2018-03-21: gia' presente, salto
  2018-03-22: gia' presente, salto
  2018-03-23: gia' presente, salto
  2018-03-26: gia' presente, salto
  2018-03-27: gia' presente, salto
  2018-03-28: gia' presente, salto
  2018-03-29: gia' presente, salto
  2018-03-30: gia' presente, salto
  2018-04-03: gia' presente, salto
  2018-04-04: gia' presente, salto
  2018-04-05: gia' presente, salto
  2018-04-06: gia' presente, salto
  2018-04-09: gia' presente, salto
  2018-04-10: gia' presente, salto
  2018-04-11: gia' presente, salto
  2018-04-12: gia' presente, salto
  2018-04-13: gia' presente, salto
  2018-04-16: gia' presente, salto
  2018-04-17: gia' presente, salto
  2018-04-18: gia' presente, salto
  2018-04-19: gia' presente, salto
  2018-04-20: gia' presente, salto
  2018-04-23: gia' presente, salto
  2018-04-24: gia' presente, salto
  2018-04-26: gia' presente, salto
  2018-04-27: gia' presente, salto
  2018-05-02: gia' presente, salto
  2018-05-03: gia' presente, salto
  2018-05-04: gia' presente, salto
  2018-05-07: gia' presente, salto
  2018-05-08: gia' presente, salto
  2018-05-09: gia' presente, salto
  2018-05-10: gia' presente, salto
  2018-05-11: gia' presente, salto
  2018-05-14: gia' presente, salto
  2018-05-15: gia' presente, salto
  2018-05-16: gia' presente, salto
  2018-05-17: gia' presente, salto
  2018-05-18: gia' presente, salto
  2018-05-21: gia' presente, salto
  2018-05-22: gia' presente, salto
  2018-05-23: gia' presente, salto
  2018-05-24: gia' presente, salto
  2018-05-25: 10 canzoni -> data\playlist\2018-05-25.json
  2018-05-28: 6 canzoni -> data\playlist\2018-05-28.json
  2018-05-29: 5 canzoni -> data\playlist\2018-05-29.json
  2018-05-30: 7 canzoni -> data\playlist\2018-05-30.json
  2018-05-31: 7 canzoni -> data\playlist\2018-05-31.json
  2018-06-01: 6 canzoni -> data\playlist\2018-06-01.json
  2018-09-10: 4 canzoni -> data\playlist\2018-09-10.json
  2018-09-11: 8 canzoni -> data\playlist\2018-09-11.json
  2018-09-12: 6 canzoni -> data\playlist\2018-09-12.json
  2018-09-13: 6 canzoni -> data\playlist\2018-09-13.json
  2018-09-14: 5 canzoni -> data\playlist\2018-09-14.json
  2018-09-17: 6 canzoni -> data\playlist\2018-09-17.json
  2018-09-18: 6 canzoni -> data\playlist\2018-09-18.json
  2018-09-19: 7 canzoni -> data\playlist\2018-09-19.json
  2018-09-20: 5 canzoni -> data\playlist\2018-09-20.json
  2018-09-21: 6 canzoni -> data\playlist\2018-09-21.json
  2018-09-24: 6 canzoni -> data\playlist\2018-09-24.json
  2018-09-25: 5 canzoni -> data\playlist\2018-09-25.json
  2018-09-26: 6 canzoni -> data\playlist\2018-09-26.json
  2018-09-27: 6 canzoni -> data\playlist\2018-09-27.json
  2018-09-28: 6 canzoni -> data\playlist\2018-09-28.json
  2018-10-01: 1 canzoni -> data\playlist\2018-10-01.json
  2018-10-02: 1 canzoni -> data\playlist\2018-10-02.json
  2018-10-03: nessuna playlist trovata
  2018-10-04: nessuna playlist trovata
  2018-10-05: nessuna playlist trovata
  2018-10-08: 6 canzoni -> data\playlist\2018-10-08.json
  2018-10-09: 4 canzoni -> data\playlist\2018-10-09.json
  2018-10-10: 7 canzoni -> data\playlist\2018-10-10.json
  2018-10-11: 7 canzoni -> data\playlist\2018-10-11.json
  2018-10-12: 6 canzoni -> data\playlist\2018-10-12.json
  2018-10-15: 5 canzoni -> data\playlist\2018-10-15.json
  2018-10-16: 5 canzoni -> data\playlist\2018-10-16.json
  2018-10-17: 6 canzoni -> data\playlist\2018-10-17.json
  2018-10-18: 7 canzoni -> data\playlist\2018-10-18.json
  2018-10-19: 6 canzoni -> data\playlist\2018-10-19.json
  2018-10-22: 7 canzoni -> data\playlist\2018-10-22.json
  2018-10-23: 5 canzoni -> data\playlist\2018-10-23.json
  2018-10-24: 8 canzoni -> data\playlist\2018-10-24.json
  2018-10-25: 7 canzoni -> data\playlist\2018-10-25.json
  2018-10-26: 5 canzoni -> data\playlist\2018-10-26.json
  2018-10-29: 6 canzoni -> data\playlist\2018-10-29.json
  2018-10-30: 7 canzoni -> data\playlist\2018-10-30.json
  2018-10-31: 4 canzoni -> data\playlist\2018-10-31.json
  2018-11-05: 7 canzoni -> data\playlist\2018-11-05.json
  2018-11-06: 6 canzoni -> data\playlist\2018-11-06.json
  2018-11-07: 5 canzoni -> data\playlist\2018-11-07.json
  2018-11-08: 9 canzoni -> data\playlist\2018-11-08.json
  2018-11-09: 8 canzoni -> data\playlist\2018-11-09.json
  2018-11-12: 7 canzoni -> data\playlist\2018-11-12.json
  2018-11-13: 4 canzoni -> data\playlist\2018-11-13.json
  2018-11-14: 5 canzoni -> data\playlist\2018-11-14.json
  2018-11-15: 6 canzoni -> data\playlist\2018-11-15.json
  2018-11-16: 5 canzoni -> data\playlist\2018-11-16.json
  2018-11-19: 6 canzoni -> data\playlist\2018-11-19.json
  2018-11-20: 5 canzoni -> data\playlist\2018-11-20.json
  2018-11-21: 5 canzoni -> data\playlist\2018-11-21.json
  2018-11-22: 4 canzoni -> data\playlist\2018-11-22.json
  2018-11-23: 6 canzoni -> data\playlist\2018-11-23.json
  2018-11-26: 6 canzoni -> data\playlist\2018-11-26.json
  2018-11-27: 6 canzoni -> data\playlist\2018-11-27.json
  2018-11-28: 6 canzoni -> data\playlist\2018-11-28.json
  2018-11-29: 6 canzoni -> data\playlist\2018-11-29.json
  2018-11-30: 6 canzoni -> data\playlist\2018-11-30.json
  2018-12-03: 7 canzoni -> data\playlist\2018-12-03.json
  2018-12-04: 8 canzoni -> data\playlist\2018-12-04.json
  2018-12-05: 7 canzoni -> data\playlist\2018-12-05.json
  2018-12-06: 6 canzoni -> data\playlist\2018-12-06.json
  2018-12-07: 7 canzoni -> data\playlist\2018-12-07.json
  2018-12-10: 6 canzoni -> data\playlist\2018-12-10.json
  2018-12-11: 7 canzoni -> data\playlist\2018-12-11.json
  2018-12-12: 8 canzoni -> data\playlist\2018-12-12.json
  2018-12-13: 7 canzoni -> data\playlist\2018-12-13.json
  2018-12-14: 6 canzoni -> data\playlist\2018-12-14.json
  2018-12-17: 7 canzoni -> data\playlist\2018-12-17.json
  2018-12-18: 8 canzoni -> data\playlist\2018-12-18.json
  2018-12-19: 8 canzoni -> data\playlist\2018-12-19.json
  2018-12-20: 6 canzoni -> data\playlist\2018-12-20.json
  2018-12-21: 6 canzoni -> data\playlist\2018-12-21.json
  2019-09-02: 7 canzoni -> data\playlist\2019-09-02.json
  2019-09-03: 8 canzoni -> data\playlist\2019-09-03.json
  2019-09-04: 6 canzoni -> data\playlist\2019-09-04.json
  2019-09-05: 7 canzoni -> data\playlist\2019-09-05.json
  2019-09-06: 5 canzoni -> data\playlist\2019-09-06.json
  2019-09-09: 8 canzoni -> data\playlist\2019-09-09.json
  2019-09-10: 6 canzoni -> data\playlist\2019-09-10.json
  2019-09-11: 6 canzoni -> data\playlist\2019-09-11.json
  2019-09-12: 7 canzoni -> data\playlist\2019-09-12.json
  2019-09-13: 8 canzoni -> data\playlist\2019-09-13.json
  2019-09-16: 6 canzoni -> data\playlist\2019-09-16.json
  2019-09-17: 7 canzoni -> data\playlist\2019-09-17.json
  2019-09-18: 5 canzoni -> data\playlist\2019-09-18.json
  2019-09-19: 7 canzoni -> data\playlist\2019-09-19.json
  2019-09-20: 8 canzoni -> data\playlist\2019-09-20.json
  2019-09-23: 5 canzoni -> data\playlist\2019-09-23.json
  2019-09-24: 4 canzoni -> data\playlist\2019-09-24.json
  2019-09-25: 5 canzoni -> data\playlist\2019-09-25.json
  2019-09-26: 6 canzoni -> data\playlist\2019-09-26.json
  2019-09-27: 9 canzoni -> data\playlist\2019-09-27.json
  2019-09-30: 6 canzoni -> data\playlist\2019-09-30.json
  2019-10-01: 6 canzoni -> data\playlist\2019-10-01.json
  2019-10-02: 6 canzoni -> data\playlist\2019-10-02.json
  2019-10-03: 6 canzoni -> data\playlist\2019-10-03.json
  2019-10-04: 6 canzoni -> data\playlist\2019-10-04.json
  2019-10-07: 7 canzoni -> data\playlist\2019-10-07.json
  2019-10-08: 7 canzoni -> data\playlist\2019-10-08.json
  2019-10-09: 5 canzoni -> data\playlist\2019-10-09.json
  2019-10-10: 7 canzoni -> data\playlist\2019-10-10.json
  2019-10-11: 5 canzoni -> data\playlist\2019-10-11.json
  2019-10-14: 5 canzoni -> data\playlist\2019-10-14.json
  2019-10-15: 5 canzoni -> data\playlist\2019-10-15.json
  2019-10-16: 7 canzoni -> data\playlist\2019-10-16.json
  2019-10-17: 8 canzoni -> data\playlist\2019-10-17.json
  2019-10-18: 6 canzoni -> data\playlist\2019-10-18.json
  2019-10-21: 6 canzoni -> data\playlist\2019-10-21.json
  2019-10-22: 7 canzoni -> data\playlist\2019-10-22.json
  2019-10-23: 7 canzoni -> data\playlist\2019-10-23.json
  2019-10-24: 7 canzoni -> data\playlist\2019-10-24.json
  2019-10-25: 9 canzoni -> data\playlist\2019-10-25.json
  2019-10-28: 7 canzoni -> data\playlist\2019-10-28.json
  2019-10-29: 6 canzoni -> data\playlist\2019-10-29.json
  2019-10-30: 6 canzoni -> data\playlist\2019-10-30.json
  2019-10-31: 8 canzoni -> data\playlist\2019-10-31.json
  2019-11-01: 10 canzoni -> data\playlist\2019-11-01.json
  2019-11-04: 9 canzoni -> data\playlist\2019-11-04.json
  2019-11-05: 4 canzoni -> data\playlist\2019-11-05.json
  2019-11-06: 7 canzoni -> data\playlist\2019-11-06.json
  2019-11-07: 7 canzoni -> data\playlist\2019-11-07.json
  2019-11-08: 9 canzoni -> data\playlist\2019-11-08.json
  2019-11-11: 5 canzoni -> data\playlist\2019-11-11.json
  2019-11-12: 5 canzoni -> data\playlist\2019-11-12.json
  2019-11-13: 6 canzoni -> data\playlist\2019-11-13.json
  2019-11-14: 3 canzoni -> data\playlist\2019-11-14.json
  2019-11-15: 7 canzoni -> data\playlist\2019-11-15.json
  2019-11-18: 11 canzoni -> data\playlist\2019-11-18.json
  2019-11-19: 9 canzoni -> data\playlist\2019-11-19.json
  2019-11-20: 5 canzoni -> data\playlist\2019-11-20.json
  2019-11-21: 6 canzoni -> data\playlist\2019-11-21.json
  2019-11-22: 6 canzoni -> data\playlist\2019-11-22.json
  2019-11-25: 6 canzoni -> data\playlist\2019-11-25.json
  2019-11-26: 8 canzoni -> data\playlist\2019-11-26.json
  2019-11-27: 5 canzoni -> data\playlist\2019-11-27.json
  2019-11-28: 6 canzoni -> data\playlist\2019-11-28.json
  2019-11-29: 6 canzoni -> data\playlist\2019-11-29.json
  2019-12-02: 8 canzoni -> data\playlist\2019-12-02.json
  2019-12-03: 5 canzoni -> data\playlist\2019-12-03.json
  2019-12-04: 6 canzoni -> data\playlist\2019-12-04.json
  2019-12-05: 9 canzoni -> data\playlist\2019-12-05.json
  2019-12-06: 7 canzoni -> data\playlist\2019-12-06.json
  2019-12-09: 8 canzoni -> data\playlist\2019-12-09.json
  2019-12-10: 5 canzoni -> data\playlist\2019-12-10.json
  2019-12-11: 6 canzoni -> data\playlist\2019-12-11.json
  2019-12-12: 6 canzoni -> data\playlist\2019-12-12.json
  2019-12-13: 5 canzoni -> data\playlist\2019-12-13.json
  2019-12-16: 7 canzoni -> data\playlist\2019-12-16.json
  2019-12-17: 5 canzoni -> data\playlist\2019-12-17.json
  2019-12-19: 7 canzoni -> data\playlist\2019-12-19.json
  2019-12-20: 9 canzoni -> data\playlist\2019-12-20.json
  2019-12-23: 6 canzoni -> data\playlist\2019-12-23.json
  2019-12-24: 7 canzoni -> data\playlist\2019-12-24.json
  2020-01-06: 8 canzoni -> data\playlist\2020-01-06.json
  2020-01-08: 8 canzoni -> data\playlist\2020-01-08.json
  2020-01-09: 6 canzoni -> data\playlist\2020-01-09.json
  2020-01-10: 8 canzoni -> data\playlist\2020-01-10.json
  2020-01-13: 7 canzoni -> data\playlist\2020-01-13.json
  2020-01-14: 8 canzoni -> data\playlist\2020-01-14.json
  2020-01-15: 4 canzoni -> data\playlist\2020-01-15.json
  2020-01-16: 4 canzoni -> data\playlist\2020-01-16.json
  2020-01-17: 6 canzoni -> data\playlist\2020-01-17.json
  2020-01-20: 6 canzoni -> data\playlist\2020-01-20.json
  2020-01-21: 6 canzoni -> data\playlist\2020-01-21.json
  2020-01-23: 5 canzoni -> data\playlist\2020-01-23.json
  2020-01-24: 9 canzoni -> data\playlist\2020-01-24.json
  2020-01-27: 10 canzoni -> data\playlist\2020-01-27.json
  2020-01-28: 8 canzoni -> data\playlist\2020-01-28.json
  2020-01-29: 8 canzoni -> data\playlist\2020-01-29.json
  2020-01-30: 7 canzoni -> data\playlist\2020-01-30.json
  2020-01-31: 9 canzoni -> data\playlist\2020-01-31.json
  2020-02-03: 8 canzoni -> data\playlist\2020-02-03.json
  2020-02-04: 7 canzoni -> data\playlist\2020-02-04.json
  2020-02-05: 9 canzoni -> data\playlist\2020-02-05.json
  2020-02-06: 7 canzoni -> data\playlist\2020-02-06.json
  2020-02-07: 8 canzoni -> data\playlist\2020-02-07.json
  2020-02-11: 8 canzoni -> data\playlist\2020-02-11.json
  2020-02-12: 7 canzoni -> data\playlist\2020-02-12.json
  2020-02-13: 6 canzoni -> data\playlist\2020-02-13.json
  2020-02-14: 9 canzoni -> data\playlist\2020-02-14.json
  2020-02-18: 6 canzoni -> data\playlist\2020-02-18.json
  2020-02-19: 4 canzoni -> data\playlist\2020-02-19.json
  2020-02-20: 6 canzoni -> data\playlist\2020-02-20.json
  2020-02-21: 5 canzoni -> data\playlist\2020-02-21.json
  2020-02-24: 7 canzoni -> data\playlist\2020-02-24.json
  2020-02-25: 6 canzoni -> data\playlist\2020-02-25.json
  2020-02-26: 5 canzoni -> data\playlist\2020-02-26.json
  2020-02-27: 5 canzoni -> data\playlist\2020-02-27.json
  2020-02-28: 8 canzoni -> data\playlist\2020-02-28.json
  2020-03-02: 9 canzoni -> data\playlist\2020-03-02.json
  2020-03-03: 7 canzoni -> data\playlist\2020-03-03.json
  2020-03-04: 5 canzoni -> data\playlist\2020-03-04.json
  2020-03-05: 6 canzoni -> data\playlist\2020-03-05.json
  2020-03-06: 5 canzoni -> data\playlist\2020-03-06.json
  2020-03-10: 7 canzoni -> data\playlist\2020-03-10.json
  2020-03-11: 7 canzoni -> data\playlist\2020-03-11.json
  2020-03-12: 8 canzoni -> data\playlist\2020-03-12.json
  2020-03-13: 9 canzoni -> data\playlist\2020-03-13.json
  2020-03-16: 8 canzoni -> data\playlist\2020-03-16.json
  2020-03-17: 7 canzoni -> data\playlist\2020-03-17.json
  2020-03-18: 8 canzoni -> data\playlist\2020-03-18.json
  2020-03-19: 7 canzoni -> data\playlist\2020-03-19.json
  2020-03-20: 9 canzoni -> data\playlist\2020-03-20.json
  2020-03-23: 8 canzoni -> data\playlist\2020-03-23.json
  2020-03-24: 8 canzoni -> data\playlist\2020-03-24.json
  2020-03-25: 7 canzoni -> data\playlist\2020-03-25.json
  2020-03-26: 9 canzoni -> data\playlist\2020-03-26.json
  2020-03-27: 7 canzoni -> data\playlist\2020-03-27.json
  2020-03-30: 7 canzoni -> data\playlist\2020-03-30.json
  2020-03-31: 8 canzoni -> data\playlist\2020-03-31.json
  2020-04-01: 7 canzoni -> data\playlist\2020-04-01.json
  2020-04-02: 7 canzoni -> data\playlist\2020-04-02.json
  2020-04-03: 9 canzoni -> data\playlist\2020-04-03.json
  2020-04-06: 7 canzoni -> data\playlist\2020-04-06.json
  2020-04-07: 10 canzoni -> data\playlist\2020-04-07.json
  2020-04-08: 12 canzoni -> data\playlist\2020-04-08.json
  2020-04-10: 9 canzoni -> data\playlist\2020-04-10.json
  2020-04-13: nessuna playlist trovata
  2020-04-14: nessuna playlist trovata
  2020-04-15: nessuna playlist trovata
  2020-04-16: nessuna playlist trovata
  2020-04-17: nessuna playlist trovata
  2020-04-27: 9 canzoni -> data\playlist\2020-04-27.json
  2020-04-28: 9 canzoni -> data\playlist\2020-04-28.json
  2020-04-29: 6 canzoni -> data\playlist\2020-04-29.json
  2020-04-30: 8 canzoni -> data\playlist\2020-04-30.json
  2020-05-01: 9 canzoni -> data\playlist\2020-05-01.json
  2020-05-04: 8 canzoni -> data\playlist\2020-05-04.json
  2020-05-05: 8 canzoni -> data\playlist\2020-05-05.json
  2020-05-06: 9 canzoni -> data\playlist\2020-05-06.json
  2020-05-07: 6 canzoni -> data\playlist\2020-05-07.json
  2020-05-08: 7 canzoni -> data\playlist\2020-05-08.json
  2020-05-11: 6 canzoni -> data\playlist\2020-05-11.json
  2020-05-12: 8 canzoni -> data\playlist\2020-05-12.json
  2020-05-13: 6 canzoni -> data\playlist\2020-05-13.json
  2020-05-14: 7 canzoni -> data\playlist\2020-05-14.json
  2020-05-15: 11 canzoni -> data\playlist\2020-05-15.json
  2020-05-18: 5 canzoni -> data\playlist\2020-05-18.json
  2020-05-19: 5 canzoni -> data\playlist\2020-05-19.json
  2020-05-20: 6 canzoni -> data\playlist\2020-05-20.json
  2020-05-21: 5 canzoni -> data\playlist\2020-05-21.json
  2020-05-22: 6 canzoni -> data\playlist\2020-05-22.json
  2020-05-25: 6 canzoni -> data\playlist\2020-05-25.json
  2020-05-26: 6 canzoni -> data\playlist\2020-05-26.json
  2020-05-27: 6 canzoni -> data\playlist\2020-05-27.json
  2020-05-28: 7 canzoni -> data\playlist\2020-05-28.json
  2020-05-29: 6 canzoni -> data\playlist\2020-05-29.json
  2020-08-10: 10 canzoni -> data\playlist\2020-08-10.json
  2020-08-11: 9 canzoni -> data\playlist\2020-08-11.json
  2020-08-12: 10 canzoni -> data\playlist\2020-08-12.json
  2020-08-13: 8 canzoni -> data\playlist\2020-08-13.json
  2020-08-14: 9 canzoni -> data\playlist\2020-08-14.json
  2020-08-17: 7 canzoni -> data\playlist\2020-08-17.json
  2020-08-18: 10 canzoni -> data\playlist\2020-08-18.json
  2020-08-19: 8 canzoni -> data\playlist\2020-08-19.json
  2020-08-20: 11 canzoni -> data\playlist\2020-08-20.json
  2020-08-21: 10 canzoni -> data\playlist\2020-08-21.json
  2020-09-07: 6 canzoni -> data\playlist\2020-09-07.json
  2020-09-08: 7 canzoni -> data\playlist\2020-09-08.json
  2020-09-09: 6 canzoni -> data\playlist\2020-09-09.json
  2020-09-10: 7 canzoni -> data\playlist\2020-09-10.json
  2020-09-11: 6 canzoni -> data\playlist\2020-09-11.json
  2020-09-14: 8 canzoni -> data\playlist\2020-09-14.json
  2020-09-15: 7 canzoni -> data\playlist\2020-09-15.json
  2020-09-16: 8 canzoni -> data\playlist\2020-09-16.json
  2020-09-17: 6 canzoni -> data\playlist\2020-09-17.json
  2020-09-18: 6 canzoni -> data\playlist\2020-09-18.json
  2020-09-21: 6 canzoni -> data\playlist\2020-09-21.json
  2020-09-22: 7 canzoni -> data\playlist\2020-09-22.json
  2020-09-23: 7 canzoni -> data\playlist\2020-09-23.json
  2020-09-24: 5 canzoni -> data\playlist\2020-09-24.json
  2020-09-25: 6 canzoni -> data\playlist\2020-09-25.json
  2020-09-28: 6 canzoni -> data\playlist\2020-09-28.json
  2020-09-29: 6 canzoni -> data\playlist\2020-09-29.json
  2020-09-30: 6 canzoni -> data\playlist\2020-09-30.json
  2020-10-01: 4 canzoni -> data\playlist\2020-10-01.json
  2020-10-02: 5 canzoni -> data\playlist\2020-10-02.json
  2020-10-05: 6 canzoni -> data\playlist\2020-10-05.json
  2020-10-06: 6 canzoni -> data\playlist\2020-10-06.json
  2020-10-07: 6 canzoni -> data\playlist\2020-10-07.json
  2020-10-08: 7 canzoni -> data\playlist\2020-10-08.json
  2020-10-09: 5 canzoni -> data\playlist\2020-10-09.json
  2020-10-12: 8 canzoni -> data\playlist\2020-10-12.json
  2020-10-13: 5 canzoni -> data\playlist\2020-10-13.json
  2020-10-14: 6 canzoni -> data\playlist\2020-10-14.json
  2020-10-15: 5 canzoni -> data\playlist\2020-10-15.json
  2020-10-16: 8 canzoni -> data\playlist\2020-10-16.json
  2020-10-19: 5 canzoni -> data\playlist\2020-10-19.json
  2020-10-20: 7 canzoni -> data\playlist\2020-10-20.json
  2020-10-21: 4 canzoni -> data\playlist\2020-10-21.json
  2020-10-22: 7 canzoni -> data\playlist\2020-10-22.json
  2020-10-23: 6 canzoni -> data\playlist\2020-10-23.json
  2020-10-26: 7 canzoni -> data\playlist\2020-10-26.json
  2020-10-27: 6 canzoni -> data\playlist\2020-10-27.json
  2020-10-28: 7 canzoni -> data\playlist\2020-10-28.json
  2020-10-29: 6 canzoni -> data\playlist\2020-10-29.json
  2020-10-30: 6 canzoni -> data\playlist\2020-10-30.json
  2020-11-02: 6 canzoni -> data\playlist\2020-11-02.json
  2020-11-03: 7 canzoni -> data\playlist\2020-11-03.json
  2020-11-04: 6 canzoni -> data\playlist\2020-11-04.json
  2020-11-05: 6 canzoni -> data\playlist\2020-11-05.json
  2020-11-06: 7 canzoni -> data\playlist\2020-11-06.json
  2020-11-09: 8 canzoni -> data\playlist\2020-11-09.json
  2020-11-10: 5 canzoni -> data\playlist\2020-11-10.json
  2020-11-11: 6 canzoni -> data\playlist\2020-11-11.json
  2020-11-12: 6 canzoni -> data\playlist\2020-11-12.json
  2020-11-13: 6 canzoni -> data\playlist\2020-11-13.json
  2020-11-16: 6 canzoni -> data\playlist\2020-11-16.json
  2020-11-17: 5 canzoni -> data\playlist\2020-11-17.json
  2020-11-18: 5 canzoni -> data\playlist\2020-11-18.json
  2020-11-19: 6 canzoni -> data\playlist\2020-11-19.json
  2020-11-20: 7 canzoni -> data\playlist\2020-11-20.json
  2020-11-23: 7 canzoni -> data\playlist\2020-11-23.json
  2020-11-24: 7 canzoni -> data\playlist\2020-11-24.json
  2020-11-25: 6 canzoni -> data\playlist\2020-11-25.json
  2020-11-26: 6 canzoni -> data\playlist\2020-11-26.json
  2020-11-27: 5 canzoni -> data\playlist\2020-11-27.json
  2020-11-30: 7 canzoni -> data\playlist\2020-11-30.json
  2020-12-01: 7 canzoni -> data\playlist\2020-12-01.json
  2020-12-02: 6 canzoni -> data\playlist\2020-12-02.json
  2020-12-03: 6 canzoni -> data\playlist\2020-12-03.json
  2020-12-04: 7 canzoni -> data\playlist\2020-12-04.json
  2020-12-09: 6 canzoni -> data\playlist\2020-12-09.json
  2020-12-10: 7 canzoni -> data\playlist\2020-12-10.json
  2020-12-11: 7 canzoni -> data\playlist\2020-12-11.json
  2020-12-14: 6 canzoni -> data\playlist\2020-12-14.json
  2020-12-15: 8 canzoni -> data\playlist\2020-12-15.json
  2020-12-16: 6 canzoni -> data\playlist\2020-12-16.json
  2020-12-17: 7 canzoni -> data\playlist\2020-12-17.json
  2020-12-18: 7 canzoni -> data\playlist\2020-12-18.json
  2020-12-21: 5 canzoni -> data\playlist\2020-12-21.json
  2020-12-22: 6 canzoni -> data\playlist\2020-12-22.json
  2020-12-23: 6 canzoni -> data\playlist\2020-12-23.json
  2020-12-24: 9 canzoni -> data\playlist\2020-12-24.json
  2021-01-11: 6 canzoni -> data\playlist\2021-01-11.json
  2021-01-12: 7 canzoni -> data\playlist\2021-01-12.json
  2021-01-13: 6 canzoni -> data\playlist\2021-01-13.json
  2021-01-14: 6 canzoni -> data\playlist\2021-01-14.json
  2021-01-15: 7 canzoni -> data\playlist\2021-01-15.json
  2021-01-18: 6 canzoni -> data\playlist\2021-01-18.json
  2021-01-19: 4 canzoni -> data\playlist\2021-01-19.json
  2021-01-20: 6 canzoni -> data\playlist\2021-01-20.json
  2021-01-21: 6 canzoni -> data\playlist\2021-01-21.json
  2021-01-22: 10 canzoni -> data\playlist\2021-01-22.json
  2021-01-25: 7 canzoni -> data\playlist\2021-01-25.json
  2021-01-26: 5 canzoni -> data\playlist\2021-01-26.json
  2021-01-27: 6 canzoni -> data\playlist\2021-01-27.json
  2021-01-28: 4 canzoni -> data\playlist\2021-01-28.json
  2021-01-29: 6 canzoni -> data\playlist\2021-01-29.json
  2021-02-01: 7 canzoni -> data\playlist\2021-02-01.json
  2021-02-02: 6 canzoni -> data\playlist\2021-02-02.json
  2021-02-03: 6 canzoni -> data\playlist\2021-02-03.json
  2021-02-04: 7 canzoni -> data\playlist\2021-02-04.json
  2021-02-05: 5 canzoni -> data\playlist\2021-02-05.json
  2021-02-08: 6 canzoni -> data\playlist\2021-02-08.json
  2021-02-09: 8 canzoni -> data\playlist\2021-02-09.json
  2021-02-10: 7 canzoni -> data\playlist\2021-02-10.json
  2021-02-11: 5 canzoni -> data\playlist\2021-02-11.json
  2021-02-12: 8 canzoni -> data\playlist\2021-02-12.json
  2021-02-15: 7 canzoni -> data\playlist\2021-02-15.json
  2021-02-16: 6 canzoni -> data\playlist\2021-02-16.json
  2021-02-17: 6 canzoni -> data\playlist\2021-02-17.json
  2021-02-18: 6 canzoni -> data\playlist\2021-02-18.json
  2021-02-19: 4 canzoni -> data\playlist\2021-02-19.json
  2021-02-22: 6 canzoni -> data\playlist\2021-02-22.json
  2021-02-23: 6 canzoni -> data\playlist\2021-02-23.json
  2021-02-24: 7 canzoni -> data\playlist\2021-02-24.json
  2021-02-25: 6 canzoni -> data\playlist\2021-02-25.json
  2021-02-26: 7 canzoni -> data\playlist\2021-02-26.json
  2021-03-01: 6 canzoni -> data\playlist\2021-03-01.json
  2021-03-02: 7 canzoni -> data\playlist\2021-03-02.json
  2021-03-03: 7 canzoni -> data\playlist\2021-03-03.json
  2021-03-04: 6 canzoni -> data\playlist\2021-03-04.json
  2021-03-05: 7 canzoni -> data\playlist\2021-03-05.json
  2021-03-08: 5 canzoni -> data\playlist\2021-03-08.json
  2021-03-09: 7 canzoni -> data\playlist\2021-03-09.json
  2021-03-10: 9 canzoni -> data\playlist\2021-03-10.json
  2021-03-11: 5 canzoni -> data\playlist\2021-03-11.json
  2021-03-12: 6 canzoni -> data\playlist\2021-03-12.json
  2021-03-15: 5 canzoni -> data\playlist\2021-03-15.json
  2021-03-16: 8 canzoni -> data\playlist\2021-03-16.json
  2021-03-17: 6 canzoni -> data\playlist\2021-03-17.json
  2021-03-18: 6 canzoni -> data\playlist\2021-03-18.json
  2021-03-19: 6 canzoni -> data\playlist\2021-03-19.json
  2021-03-22: 9 canzoni -> data\playlist\2021-03-22.json
  2021-03-23: 6 canzoni -> data\playlist\2021-03-23.json
  2021-03-24: 6 canzoni -> data\playlist\2021-03-24.json
  2021-03-25: 6 canzoni -> data\playlist\2021-03-25.json
  2021-03-26: 6 canzoni -> data\playlist\2021-03-26.json
  2021-03-29: 6 canzoni -> data\playlist\2021-03-29.json
  2021-03-30: 7 canzoni -> data\playlist\2021-03-30.json
  2021-03-31: 8 canzoni -> data\playlist\2021-03-31.json
  2021-04-01: 7 canzoni -> data\playlist\2021-04-01.json
  2021-04-02: 7 canzoni -> data\playlist\2021-04-02.json
  2021-04-12: 6 canzoni -> data\playlist\2021-04-12.json
  2021-04-13: 7 canzoni -> data\playlist\2021-04-13.json
  2021-04-14: 6 canzoni -> data\playlist\2021-04-14.json
  2021-04-15: 6 canzoni -> data\playlist\2021-04-15.json
  2021-04-16: 7 canzoni -> data\playlist\2021-04-16.json
  2021-04-19: 5 canzoni -> data\playlist\2021-04-19.json
  2021-04-20: 5 canzoni -> data\playlist\2021-04-20.json
  2021-04-21: 6 canzoni -> data\playlist\2021-04-21.json
  2021-04-22: 4 canzoni -> data\playlist\2021-04-22.json
  2021-04-23: 7 canzoni -> data\playlist\2021-04-23.json
  2021-04-26: 7 canzoni -> data\playlist\2021-04-26.json
  2021-04-27: 7 canzoni -> data\playlist\2021-04-27.json
  2021-04-28: 7 canzoni -> data\playlist\2021-04-28.json
  2021-04-29: 7 canzoni -> data\playlist\2021-04-29.json
  2021-04-30: 9 canzoni -> data\playlist\2021-04-30.json
  2021-05-03: 8 canzoni -> data\playlist\2021-05-03.json
  2021-05-04: 6 canzoni -> data\playlist\2021-05-04.json
  2021-05-05: 6 canzoni -> data\playlist\2021-05-05.json
  2021-05-06: 7 canzoni -> data\playlist\2021-05-06.json
  2021-05-07: 9 canzoni -> data\playlist\2021-05-07.json
  2021-05-10: 6 canzoni -> data\playlist\2021-05-10.json
  2021-05-11: 6 canzoni -> data\playlist\2021-05-11.json
  2021-05-12: 7 canzoni -> data\playlist\2021-05-12.json
  2021-05-13: 7 canzoni -> data\playlist\2021-05-13.json
  2021-05-14: 7 canzoni -> data\playlist\2021-05-14.json
  2021-05-17: 6 canzoni -> data\playlist\2021-05-17.json
  2021-05-18: 6 canzoni -> data\playlist\2021-05-18.json
  2021-05-19: 6 canzoni -> data\playlist\2021-05-19.json
  2021-05-20: 6 canzoni -> data\playlist\2021-05-20.json
  2021-05-21: 8 canzoni -> data\playlist\2021-05-21.json
  2021-05-24: 8 canzoni -> data\playlist\2021-05-24.json
  2021-05-25: 7 canzoni -> data\playlist\2021-05-25.json
  2021-05-26: 6 canzoni -> data\playlist\2021-05-26.json
  2021-05-27: 8 canzoni -> data\playlist\2021-05-27.json
  2021-05-28: 8 canzoni -> data\playlist\2021-05-28.json
  2021-09-13: 6 canzoni -> data\playlist\2021-09-13.json
  2021-09-14: 6 canzoni -> data\playlist\2021-09-14.json
  2021-09-15: 5 canzoni -> data\playlist\2021-09-15.json
  2021-09-16: 5 canzoni -> data\playlist\2021-09-16.json
  2021-09-17: 4 canzoni -> data\playlist\2021-09-17.json
  2021-09-20: 6 canzoni -> data\playlist\2021-09-20.json
  2021-09-21: 7 canzoni -> data\playlist\2021-09-21.json
  2021-09-22: 6 canzoni -> data\playlist\2021-09-22.json
  2021-09-23: 6 canzoni -> data\playlist\2021-09-23.json
  2021-09-24: 6 canzoni -> data\playlist\2021-09-24.json
  2021-09-27: 9 canzoni -> data\playlist\2021-09-27.json
  2021-09-28: 6 canzoni -> data\playlist\2021-09-28.json
  2021-09-29: 5 canzoni -> data\playlist\2021-09-29.json
  2021-09-30: 8 canzoni -> data\playlist\2021-09-30.json
  2021-10-01: 7 canzoni -> data\playlist\2021-10-01.json
  2021-10-04: 6 canzoni -> data\playlist\2021-10-04.json
  2021-10-05: 6 canzoni -> data\playlist\2021-10-05.json
  2021-10-06: 7 canzoni -> data\playlist\2021-10-06.json
  2021-10-07: 6 canzoni -> data\playlist\2021-10-07.json
  2021-10-08: 7 canzoni -> data\playlist\2021-10-08.json
  2021-10-11: 7 canzoni -> data\playlist\2021-10-11.json
  2021-10-12: 5 canzoni -> data\playlist\2021-10-12.json
  2021-10-13: 7 canzoni -> data\playlist\2021-10-13.json
  2021-10-14: 5 canzoni -> data\playlist\2021-10-14.json
  2021-10-15: 6 canzoni -> data\playlist\2021-10-15.json
  2021-10-18: 6 canzoni -> data\playlist\2021-10-18.json
  2021-10-19: 6 canzoni -> data\playlist\2021-10-19.json
  2021-10-20: 6 canzoni -> data\playlist\2021-10-20.json
  2021-10-21: 6 canzoni -> data\playlist\2021-10-21.json
  2021-10-22: 5 canzoni -> data\playlist\2021-10-22.json
  2021-10-25: 6 canzoni -> data\playlist\2021-10-25.json
  2021-10-26: 7 canzoni -> data\playlist\2021-10-26.json
  2021-10-27: 6 canzoni -> data\playlist\2021-10-27.json
  2021-10-28: 6 canzoni -> data\playlist\2021-10-28.json
  2021-10-29: 7 canzoni -> data\playlist\2021-10-29.json
  2021-11-02: 5 canzoni -> data\playlist\2021-11-02.json
  2021-11-03: 6 canzoni -> data\playlist\2021-11-03.json
  2021-11-04: 5 canzoni -> data\playlist\2021-11-04.json
  2021-11-05: 7 canzoni -> data\playlist\2021-11-05.json
  2021-11-08: 7 canzoni -> data\playlist\2021-11-08.json
  2021-11-09: 6 canzoni -> data\playlist\2021-11-09.json
  2021-11-10: 8 canzoni -> data\playlist\2021-11-10.json
  2021-11-11: 6 canzoni -> data\playlist\2021-11-11.json
  2021-11-12: 6 canzoni -> data\playlist\2021-11-12.json
  2021-11-15: 5 canzoni -> data\playlist\2021-11-15.json
  2021-11-16: 8 canzoni -> data\playlist\2021-11-16.json
  2021-11-17: 6 canzoni -> data\playlist\2021-11-17.json
  2021-11-18: 7 canzoni -> data\playlist\2021-11-18.json
  2021-11-19: 5 canzoni -> data\playlist\2021-11-19.json
  2021-11-22: 5 canzoni -> data\playlist\2021-11-22.json
  2021-11-23: 5 canzoni -> data\playlist\2021-11-23.json
  2021-11-24: 6 canzoni -> data\playlist\2021-11-24.json
  2021-11-25: 7 canzoni -> data\playlist\2021-11-25.json
  2021-11-26: 7 canzoni -> data\playlist\2021-11-26.json
  2021-11-29: 7 canzoni -> data\playlist\2021-11-29.json
  2021-11-30: 7 canzoni -> data\playlist\2021-11-30.json
  2021-12-01: 6 canzoni -> data\playlist\2021-12-01.json
  2021-12-02: 7 canzoni -> data\playlist\2021-12-02.json
  2021-12-03: 8 canzoni -> data\playlist\2021-12-03.json
  2021-12-06: 7 canzoni -> data\playlist\2021-12-06.json
  2021-12-07: 6 canzoni -> data\playlist\2021-12-07.json
  2021-12-08: 6 canzoni -> data\playlist\2021-12-08.json
  2021-12-09: 6 canzoni -> data\playlist\2021-12-09.json
  2021-12-10: 6 canzoni -> data\playlist\2021-12-10.json
  2021-12-13: 8 canzoni -> data\playlist\2021-12-13.json
  2021-12-14: 7 canzoni -> data\playlist\2021-12-14.json
  2021-12-15: 7 canzoni -> data\playlist\2021-12-15.json
  2021-12-16: 6 canzoni -> data\playlist\2021-12-16.json
  2021-12-17: 5 canzoni -> data\playlist\2021-12-17.json
  2021-12-20: 9 canzoni -> data\playlist\2021-12-20.json
  2021-12-21: 6 canzoni -> data\playlist\2021-12-21.json
  2021-12-22: 6 canzoni -> data\playlist\2021-12-22.json
  2021-12-23: 8 canzoni -> data\playlist\2021-12-23.json
  2021-12-24: 9 canzoni -> data\playlist\2021-12-24.json
  2022-01-10: 8 canzoni -> data\playlist\2022-01-10.json
  2022-01-11: 6 canzoni -> data\playlist\2022-01-11.json
  2022-01-12: 7 canzoni -> data\playlist\2022-01-12.json
  2022-01-13: 6 canzoni -> data\playlist\2022-01-13.json
  2022-01-14: 6 canzoni -> data\playlist\2022-01-14.json
  2022-01-17: 6 canzoni -> data\playlist\2022-01-17.json
  2022-01-18: 6 canzoni -> data\playlist\2022-01-18.json
  2022-01-19: 6 canzoni -> data\playlist\2022-01-19.json
  2022-01-20: 6 canzoni -> data\playlist\2022-01-20.json
  2022-01-21: 6 canzoni -> data\playlist\2022-01-21.json
  2022-01-24: 5 canzoni -> data\playlist\2022-01-24.json
  2022-01-25: 6 canzoni -> data\playlist\2022-01-25.json
  2022-01-26: 7 canzoni -> data\playlist\2022-01-26.json
  2022-01-27: 8 canzoni -> data\playlist\2022-01-27.json
  2022-01-28: 7 canzoni -> data\playlist\2022-01-28.json
  2022-01-31: 8 canzoni -> data\playlist\2022-01-31.json
  2022-02-01: 11 canzoni -> data\playlist\2022-02-01.json
  2022-02-03: 6 canzoni -> data\playlist\2022-02-03.json
  2022-02-04: 7 canzoni -> data\playlist\2022-02-04.json
  2022-02-07: 7 canzoni -> data\playlist\2022-02-07.json
  2022-02-08: 6 canzoni -> data\playlist\2022-02-08.json
  2022-02-09: 8 canzoni -> data\playlist\2022-02-09.json
  2022-02-10: 5 canzoni -> data\playlist\2022-02-10.json
  2022-02-11: 6 canzoni -> data\playlist\2022-02-11.json
  2022-02-14: 7 canzoni -> data\playlist\2022-02-14.json
  2022-02-15: 8 canzoni -> data\playlist\2022-02-15.json
  2022-02-16: 6 canzoni -> data\playlist\2022-02-16.json
  2022-02-17: 7 canzoni -> data\playlist\2022-02-17.json
  2022-02-18: 7 canzoni -> data\playlist\2022-02-18.json
  2022-02-21: 8 canzoni -> data\playlist\2022-02-21.json
  2022-02-22: 6 canzoni -> data\playlist\2022-02-22.json
  2022-02-23: 6 canzoni -> data\playlist\2022-02-23.json
  2022-02-24: 6 canzoni -> data\playlist\2022-02-24.json
  2022-02-25: 8 canzoni -> data\playlist\2022-02-25.json
  2022-02-28: 7 canzoni -> data\playlist\2022-02-28.json
  2022-03-01: 5 canzoni -> data\playlist\2022-03-01.json
  2022-03-02: 5 canzoni -> data\playlist\2022-03-02.json
  2022-03-03: 9 canzoni -> data\playlist\2022-03-03.json
  2022-03-04: 6 canzoni -> data\playlist\2022-03-04.json
  2022-03-07: 6 canzoni -> data\playlist\2022-03-07.json
  2022-03-08: 8 canzoni -> data\playlist\2022-03-08.json
  2022-03-09: 8 canzoni -> data\playlist\2022-03-09.json
  2022-03-10: 5 canzoni -> data\playlist\2022-03-10.json
  2022-03-11: 7 canzoni -> data\playlist\2022-03-11.json
  2022-03-14: 6 canzoni -> data\playlist\2022-03-14.json
  2022-03-15: 7 canzoni -> data\playlist\2022-03-15.json
  2022-03-16: 5 canzoni -> data\playlist\2022-03-16.json
  2022-03-17: 9 canzoni -> data\playlist\2022-03-17.json
  2022-03-18: 6 canzoni -> data\playlist\2022-03-18.json
  2022-03-21: 7 canzoni -> data\playlist\2022-03-21.json
  2022-03-22: 7 canzoni -> data\playlist\2022-03-22.json
  2022-03-23: 6 canzoni -> data\playlist\2022-03-23.json
  2022-03-24: 8 canzoni -> data\playlist\2022-03-24.json
  2022-03-25: 9 canzoni -> data\playlist\2022-03-25.json
  2022-03-28: 9 canzoni -> data\playlist\2022-03-28.json
  2022-03-29: 7 canzoni -> data\playlist\2022-03-29.json
  2022-03-30: 8 canzoni -> data\playlist\2022-03-30.json
  2022-03-31: 7 canzoni -> data\playlist\2022-03-31.json
  2022-04-01: 4 canzoni -> data\playlist\2022-04-01.json
  2022-04-04: 8 canzoni -> data\playlist\2022-04-04.json
  2022-04-05: 5 canzoni -> data\playlist\2022-04-05.json
  2022-04-06: 7 canzoni -> data\playlist\2022-04-06.json
  2022-04-07: 7 canzoni -> data\playlist\2022-04-07.json
  2022-04-08: 7 canzoni -> data\playlist\2022-04-08.json
  2022-04-11: 6 canzoni -> data\playlist\2022-04-11.json
  2022-04-12: 8 canzoni -> data\playlist\2022-04-12.json
  2022-04-13: 5 canzoni -> data\playlist\2022-04-13.json
  2022-04-14: 7 canzoni -> data\playlist\2022-04-14.json
  2022-04-15: 7 canzoni -> data\playlist\2022-04-15.json
  2022-04-26: 6 canzoni -> data\playlist\2022-04-26.json
  2022-04-27: 5 canzoni -> data\playlist\2022-04-27.json
  2022-04-28: 7 canzoni -> data\playlist\2022-04-28.json
  2022-04-29: 6 canzoni -> data\playlist\2022-04-29.json
  2022-05-02: 6 canzoni -> data\playlist\2022-05-02.json
  2022-05-03: 7 canzoni -> data\playlist\2022-05-03.json
  2022-05-04: 6 canzoni -> data\playlist\2022-05-04.json
  2022-05-05: 6 canzoni -> data\playlist\2022-05-05.json
  2022-05-06: 6 canzoni -> data\playlist\2022-05-06.json
  2022-05-09: 7 canzoni -> data\playlist\2022-05-09.json
  2022-05-10: 6 canzoni -> data\playlist\2022-05-10.json
  2022-05-11: 6 canzoni -> data\playlist\2022-05-11.json
  2022-05-12: 7 canzoni -> data\playlist\2022-05-12.json
  2022-05-13: 7 canzoni -> data\playlist\2022-05-13.json
  2022-05-23: 6 canzoni -> data\playlist\2022-05-23.json
  2022-05-24: 5 canzoni -> data\playlist\2022-05-24.json
  2022-05-25: 8 canzoni -> data\playlist\2022-05-25.json
  2022-05-26: 4 canzoni -> data\playlist\2022-05-26.json
  2022-05-27: 6 canzoni -> data\playlist\2022-05-27.json
  2022-05-30: 5 canzoni -> data\playlist\2022-05-30.json
  2022-05-31: 6 canzoni -> data\playlist\2022-05-31.json
  2022-06-01: 6 canzoni -> data\playlist\2022-06-01.json
  2022-06-02: 9 canzoni -> data\playlist\2022-06-02.json
  2022-06-03: 4 canzoni -> data\playlist\2022-06-03.json
  2022-06-06: 7 canzoni -> data\playlist\2022-06-06.json
  2022-06-07: 6 canzoni -> data\playlist\2022-06-07.json
  2022-06-08: 8 canzoni -> data\playlist\2022-06-08.json
  2022-06-09: 5 canzoni -> data\playlist\2022-06-09.json
  2022-06-10: 6 canzoni -> data\playlist\2022-06-10.json
  2022-09-12: 6 canzoni -> data\playlist\2022-09-12.json
  2022-09-13: 5 canzoni -> data\playlist\2022-09-13.json
  2022-09-14: 5 canzoni -> data\playlist\2022-09-14.json
  2022-09-15: 5 canzoni -> data\playlist\2022-09-15.json
  2022-09-16: 6 canzoni -> data\playlist\2022-09-16.json
  2022-09-19: 6 canzoni -> data\playlist\2022-09-19.json
  2022-09-20: 5 canzoni -> data\playlist\2022-09-20.json
  2022-09-21: 6 canzoni -> data\playlist\2022-09-21.json
  2022-09-22: 6 canzoni -> data\playlist\2022-09-22.json
  2022-09-23: 4 canzoni -> data\playlist\2022-09-23.json
  2022-09-26: 7 canzoni -> data\playlist\2022-09-26.json
  2022-09-27: 6 canzoni -> data\playlist\2022-09-27.json
  2022-09-28: 6 canzoni -> data\playlist\2022-09-28.json
  2022-09-29: 6 canzoni -> data\playlist\2022-09-29.json
  2022-09-30: 5 canzoni -> data\playlist\2022-09-30.json
  2022-10-03: 7 canzoni -> data\playlist\2022-10-03.json
  2022-10-04: 5 canzoni -> data\playlist\2022-10-04.json
  2022-10-05: 5 canzoni -> data\playlist\2022-10-05.json
  2022-10-06: 8 canzoni -> data\playlist\2022-10-06.json
  2022-10-07: 6 canzoni -> data\playlist\2022-10-07.json
  2022-10-10: 7 canzoni -> data\playlist\2022-10-10.json
  2022-10-11: 7 canzoni -> data\playlist\2022-10-11.json
  2022-10-12: 5 canzoni -> data\playlist\2022-10-12.json
  2022-10-13: 6 canzoni -> data\playlist\2022-10-13.json
  2022-10-14: 6 canzoni -> data\playlist\2022-10-14.json
  2022-10-17: 8 canzoni -> data\playlist\2022-10-17.json
  2022-10-18: 5 canzoni -> data\playlist\2022-10-18.json
  2022-10-19: 8 canzoni -> data\playlist\2022-10-19.json
  2022-10-20: 5 canzoni -> data\playlist\2022-10-20.json
  2022-10-21: 6 canzoni -> data\playlist\2022-10-21.json
  2022-10-24: 8 canzoni -> data\playlist\2022-10-24.json
  2022-10-25: 6 canzoni -> data\playlist\2022-10-25.json
  2022-10-26: 6 canzoni -> data\playlist\2022-10-26.json
  2022-10-27: 7 canzoni -> data\playlist\2022-10-27.json
  2022-10-28: 6 canzoni -> data\playlist\2022-10-28.json
  2022-11-02: 5 canzoni -> data\playlist\2022-11-02.json
  2022-11-03: 6 canzoni -> data\playlist\2022-11-03.json
  2022-11-04: 6 canzoni -> data\playlist\2022-11-04.json
  2022-11-07: 6 canzoni -> data\playlist\2022-11-07.json
  2022-11-08: 6 canzoni -> data\playlist\2022-11-08.json
  2022-11-09: 6 canzoni -> data\playlist\2022-11-09.json
  2022-11-10: 6 canzoni -> data\playlist\2022-11-10.json
  2022-11-11: 5 canzoni -> data\playlist\2022-11-11.json
  2022-11-14: 7 canzoni -> data\playlist\2022-11-14.json
  2022-11-15: 6 canzoni -> data\playlist\2022-11-15.json
  2022-11-16: 5 canzoni -> data\playlist\2022-11-16.json
  2022-11-17: 7 canzoni -> data\playlist\2022-11-17.json
  2022-11-18: 6 canzoni -> data\playlist\2022-11-18.json
  2022-11-21: 7 canzoni -> data\playlist\2022-11-21.json
  2022-11-22: 6 canzoni -> data\playlist\2022-11-22.json
  2022-11-23: 6 canzoni -> data\playlist\2022-11-23.json
  2022-11-24: 6 canzoni -> data\playlist\2022-11-24.json
  2022-11-25: 6 canzoni -> data\playlist\2022-11-25.json
  2022-11-28: 7 canzoni -> data\playlist\2022-11-28.json
  2022-11-29: 6 canzoni -> data\playlist\2022-11-29.json
  2022-11-30: 7 canzoni -> data\playlist\2022-11-30.json
  2022-12-01: 6 canzoni -> data\playlist\2022-12-01.json
  2022-12-02: 9 canzoni -> data\playlist\2022-12-02.json
  2022-12-05: 6 canzoni -> data\playlist\2022-12-05.json
  2022-12-06: 5 canzoni -> data\playlist\2022-12-06.json
  2022-12-07: 7 canzoni -> data\playlist\2022-12-07.json
  2022-12-12: 7 canzoni -> data\playlist\2022-12-12.json
  2022-12-13: 4 canzoni -> data\playlist\2022-12-13.json
  2022-12-14: 5 canzoni -> data\playlist\2022-12-14.json
  2022-12-15: 5 canzoni -> data\playlist\2022-12-15.json
  2022-12-16: 6 canzoni -> data\playlist\2022-12-16.json
  2022-12-19: 5 canzoni -> data\playlist\2022-12-19.json
  2022-12-20: 6 canzoni -> data\playlist\2022-12-20.json
  2022-12-21: 7 canzoni -> data\playlist\2022-12-21.json
  2022-12-22: 7 canzoni -> data\playlist\2022-12-22.json
  2022-12-23: 8 canzoni -> data\playlist\2022-12-23.json
  2023-01-09: 7 canzoni -> data\playlist\2023-01-09.json
  2023-01-10: 7 canzoni -> data\playlist\2023-01-10.json
  2023-01-11: 7 canzoni -> data\playlist\2023-01-11.json
  2023-01-12: 8 canzoni -> data\playlist\2023-01-12.json
  2023-01-13: 7 canzoni -> data\playlist\2023-01-13.json
  2023-01-16: 6 canzoni -> data\playlist\2023-01-16.json
  2023-01-17: 7 canzoni -> data\playlist\2023-01-17.json
  2023-01-18: 6 canzoni -> data\playlist\2023-01-18.json
  2023-01-19: 7 canzoni -> data\playlist\2023-01-19.json
  2023-01-20: 7 canzoni -> data\playlist\2023-01-20.json
  2023-01-23: 6 canzoni -> data\playlist\2023-01-23.json
  2023-01-24: 6 canzoni -> data\playlist\2023-01-24.json
  2023-01-25: 6 canzoni -> data\playlist\2023-01-25.json
  2023-01-26: 6 canzoni -> data\playlist\2023-01-26.json
  2023-01-27: 7 canzoni -> data\playlist\2023-01-27.json
  2023-01-30: 8 canzoni -> data\playlist\2023-01-30.json
  2023-01-31: 6 canzoni -> data\playlist\2023-01-31.json
  2023-02-01: 8 canzoni -> data\playlist\2023-02-01.json
  2023-02-02: 6 canzoni -> data\playlist\2023-02-02.json
  2023-02-03: 6 canzoni -> data\playlist\2023-02-03.json
  2023-02-06: 6 canzoni -> data\playlist\2023-02-06.json
  2023-02-07: 7 canzoni -> data\playlist\2023-02-07.json
  2023-02-08: 10 canzoni -> data\playlist\2023-02-08.json
  2023-02-09: 5 canzoni -> data\playlist\2023-02-09.json
  2023-02-10: 7 canzoni -> data\playlist\2023-02-10.json
  2023-02-13: 7 canzoni -> data\playlist\2023-02-13.json
  2023-02-14: 6 canzoni -> data\playlist\2023-02-14.json
  2023-02-15: 7 canzoni -> data\playlist\2023-02-15.json
  2023-02-16: 6 canzoni -> data\playlist\2023-02-16.json
  2023-02-17: 6 canzoni -> data\playlist\2023-02-17.json
  2023-02-20: 6 canzoni -> data\playlist\2023-02-20.json
  2023-02-21: 7 canzoni -> data\playlist\2023-02-21.json
  2023-02-22: 6 canzoni -> data\playlist\2023-02-22.json
  2023-02-23: 8 canzoni -> data\playlist\2023-02-23.json
  2023-02-24: 6 canzoni -> data\playlist\2023-02-24.json
  2023-02-27: 3 canzoni -> data\playlist\2023-02-27.json
  2023-02-28: 7 canzoni -> data\playlist\2023-02-28.json
  2023-03-01: 7 canzoni -> data\playlist\2023-03-01.json
  2023-03-02: 8 canzoni -> data\playlist\2023-03-02.json
  2023-03-03: 7 canzoni -> data\playlist\2023-03-03.json
  2023-03-06: 7 canzoni -> data\playlist\2023-03-06.json
  2023-03-07: 7 canzoni -> data\playlist\2023-03-07.json
  2023-03-08: 7 canzoni -> data\playlist\2023-03-08.json
  2023-03-09: 7 canzoni -> data\playlist\2023-03-09.json
